<?xml version="1.0" encoding="UTF-8"?>
<testsuite name="MyListTest" tests="14" skipped="0" failures="0" errors="0" timestamp="2019-09-16T19:08:35" hostname="DESKTOP-IFKHLR1" time="0.006">
  <properties/>
  <testcase name="sizeIncreasesBy1AfterAdd" classname="MyListTest" time="0.003"/>
  <testcase name="containsShouldReturnFalseWhenObjectNotInList" classname="MyListTest" time="0.0"/>
  <testcase name="removeShouldThrowArrayIndexOutOfBoundsExceptionWhenIndexIsInvalid" classname="MyListTest" time="0.0"/>
  <testcase name="sizeDecreasesBy1AfterRemove" classname="MyListTest" time="0.0"/>
  <testcase name="getShouldThrowArrayIndexOutOfBoundsExceptionWhenIndexIsInvalid" classname="MyListTest" time="0.0"/>
  <testcase name="getShouldReturn3ObjectAfter5Adds" classname="MyListTest" time="0.0"/>
  <testcase name="getShouldReturnObjectAfterAdd" classname="MyListTest" time="0.0"/>
  <testcase name="isEmptyShouldReturnTrueWhenEverythingIsRemoved" classname="MyListTest" time="0.0"/>
  <testcase name="isEmptyShouldReturnTrueWhenEmptyList" classname="MyListTest" time="0.0"/>
  <testcase name="removeShouldReturnObjectRemoved" classname="MyListTest" time="0.0"/>
  <testcase name="sizeReturns0WhenEmptyList" classname="MyListTest" time="0.0"/>
  <testcase name="containsShouldReturnTrueWhenObjectInList" classname="MyListTest" time="0.0"/>
  <testcase name="isEmptyShouldReturnTrueAfterAddAndRemove" classname="MyListTest" time="0.0"/>
  <testcase name="isEmptyShouldReturnFalseAfterAdd" classname="MyListTest" time="0.0"/>
  <system-out><![CDATA[]]></system-out>
  <system-err><![CDATA[]]></system-err>
</testsuite>
