<?xml version="1.0" encoding="UTF-8"?>
<testsuite name="MyListTest" tests="8" skipped="0" failures="0" errors="0" timestamp="2019-09-16T18:48:11" hostname="DESKTOP-IFKHLR1" time="0.004">
  <properties/>
  <testcase name="removeShouldThrowArrayIndexOutOfBoundsExceptionWhenIndexIsInvalid" classname="MyListTest" time="0.002"/>
  <testcase name="getShouldThrowArrayIndexOutOfBoundsExceptionWhenIndexIsInvalid" classname="MyListTest" time="0.0"/>
  <testcase name="getShouldReturn3ObjectAfter5Adds" classname="MyListTest" time="0.001"/>
  <testcase name="getShouldReturnObjectAfterAdd" classname="MyListTest" time="0.001"/>
  <testcase name="isEmptyShouldReturnTrueWhenEverythingIsRemoved" classname="MyListTest" time="0.0"/>
  <testcase name="isEmptyShouldReturnTrueWhenEmptyList" classname="MyListTest" time="0.0"/>
  <testcase name="removeShouldReturnObjectRemoved" classname="MyListTest" time="0.0"/>
  <testcase name="isEmptyShouldReturnFalseAfterAdd" classname="MyListTest" time="0.0"/>
  <system-out><![CDATA[]]></system-out>
  <system-err><![CDATA[]]></system-err>
</testsuite>
